This is pdfTeX, Version 3.141592653-2.6-1.40.25 (TeX Live 2023) (preloaded format=pdflatex 2023.5.2)  3 MAY 2023 11:06
entering extended mode
 restricted \write18 enabled.
 file:line:error style messages enabled.
 %&-line parsing enabled.
**"/Users/anh.tt/Workspace/latex-resume/Anh Tran - Resume"
(/Users/anh.tt/Workspace/latex-resume/Anh Tran - Resume.tex
LaTeX2e <2022-11-01> patch level 1
L3 programming layer <2023-02-22> (/usr/local/texlive/2023/texmf-dist/tex/latex/base/article.cls
Document Class: article 2022/07/02 v1.4n Standard LaTeX document class
(/usr/local/texlive/2023/texmf-dist/tex/latex/base/size11.clo
File: size11.clo 2022/07/02 v1.4n Standard LaTeX file (size option)
)
\c@part=\count185
\c@section=\count186
\c@subsection=\count187
\c@subsubsection=\count188
\c@paragraph=\count189
\c@subparagraph=\count190
\c@figure=\count191
\c@table=\count192
\abovecaptionskip=\skip48
\belowcaptionskip=\skip49
\bibindent=\dimen140
) (/usr/local/texlive/2023/texmf-dist/tex/latex/tools/verbatim.sty
Package: verbatim 2022-07-02 v1.5u LaTeX2e package for verbatim enhancements
\every@verbatim=\toks16
\verbatim@line=\toks17
\verbatim@in@stream=\read2
) (/usr/local/texlive/2023/texmf-dist/tex/latex/titlesec/titlesec.sty
Package: titlesec 2021/07/05 v2.14 Sectioning titles
\ttl@box=\box51
\beforetitleunit=\skip50
\aftertitleunit=\skip51
\ttl@plus=\dimen141
\ttl@minus=\dimen142
\ttl@toksa=\toks18
\titlewidth=\dimen143
\titlewidthlast=\dimen144
\titlewidthfirst=\dimen145
) (/usr/local/texlive/2023/texmf-dist/tex/latex/graphics/color.sty
Package: color 2022/01/06 v1.3d Standard LaTeX Color (DPC)
 (/usr/local/texlive/2023/texmf-dist/tex/latex/graphics-cfg/color.cfg
File: color.cfg 2016/01/02 v1.6 sample color configuration
)
Package color Info: Driver file: pdftex.def on input line 149.
 (/usr/local/texlive/2023/texmf-dist/tex/latex/graphics-def/pdftex.def
File: pdftex.def 2022/09/22 v1.2b Graphics/color driver for pdftex
) (/usr/local/texlive/2023/texmf-dist/tex/latex/graphics/mathcolor.ltx)) (/usr/local/texlive/2023/texmf-dist/tex/latex/xcolor/xcolor.sty
Package: xcolor 2022/06/12 v2.14 LaTeX color extensions (UK)
 (/usr/local/texlive/2023/texmf-dist/tex/latex/graphics-cfg/color.cfg
File: color.cfg 2016/01/02 v1.6 sample color configuration
)
Package xcolor Info: Driver file: pdftex.def on input line 227.
 (/usr/local/texlive/2023/texmf-dist/tex/latex/colortbl/colortbl.sty
Package: colortbl 2022/06/20 v1.0f Color table columns (DPC)
 (/usr/local/texlive/2023/texmf-dist/tex/latex/tools/array.sty
Package: array 2022/09/04 v2.5g Tabular extension package (FMi)
\col@sep=\dimen146
\ar@mcellbox=\box52
\extrarowheight=\dimen147
\NC@list=\toks19
\extratabsurround=\skip52
\backup@length=\skip53
\ar@cellbox=\box53
)
\everycr=\toks20
\minrowclearance=\skip54
\rownum=\count193
)
LaTeX Info: Redefining \color on input line 711.
 (/usr/local/texlive/2023/texmf-dist/tex/latex/graphics/mathcolor.ltx)
Package xcolor Info: Model `cmy' substituted by `cmy0' on input line 1353.
Package xcolor Info: Model `hsb' substituted by `rgb' on input line 1357.
Package xcolor Info: Model `RGB' extended on input line 1369.
Package xcolor Info: Model `HTML' substituted by `rgb' on input line 1371.
Package xcolor Info: Model `Hsb' substituted by `hsb' on input line 1372.
Package xcolor Info: Model `tHsb' substituted by `hsb' on input line 1373.
Package xcolor Info: Model `HSB' substituted by `hsb' on input line 1374.
Package xcolor Info: Model `Gray' substituted by `gray' on input line 1375.
Package xcolor Info: Model `wave' substituted by `hsb' on input line 1376.
 (/usr/local/texlive/2023/texmf-dist/tex/latex/xcolor/svgnam.def
File: svgnam.def 2022/06/12 v2.14 Predefined colors according to SVG 1.1 (UK)
) (/usr/local/texlive/2023/texmf-dist/tex/latex/xcolor/x11nam.def
File: x11nam.def 2022/06/12 v2.14 Predefined colors according to Unix/X11 (UK)
)) (/usr/local/texlive/2023/texmf-dist/tex/latex/enumitem/enumitem.sty
Package: enumitem 2019/06/20 v3.9 Customized lists
\enitkv@toks@=\toks21
\labelindent=\skip55
\enit@outerparindent=\dimen148
\enit@toks=\toks22
\enit@inbox=\box54
\enit@count@id=\count194
\enitdp@description=\count195
) (/usr/local/texlive/2023/texmf-dist/tex/latex/fancyhdr/fancyhdr.sty
Package: fancyhdr 2022/11/09 v4.1 Extensive control of page headers and footers
\f@nch@headwidth=\skip56
\f@nch@O@elh=\skip57
\f@nch@O@erh=\skip58
\f@nch@O@olh=\skip59
\f@nch@O@orh=\skip60
\f@nch@O@elf=\skip61
\f@nch@O@erf=\skip62
\f@nch@O@olf=\skip63
\f@nch@O@orf=\skip64
) (/usr/local/texlive/2023/texmf-dist/tex/latex/tools/tabularx.sty
Package: tabularx 2020/01/15 v2.11c `tabularx' package (DPC)
\TX@col@width=\dimen149
\TX@old@table=\dimen150
\TX@old@col=\dimen151
\TX@target=\dimen152
\TX@delta=\dimen153
\TX@cols=\count196
\TX@ftn=\toks23
) (/usr/local/texlive/2023/texmf-dist/tex/latex/base/latexsym.sty
Package: latexsym 1998/08/17 v2.2e Standard LaTeX package (lasy symbols)
\symlasy=\mathgroup4
LaTeX Font Info:    Overwriting symbol font `lasy' in version `bold'
(Font)                  U/lasy/m/n --> U/lasy/b/n on input line 52.
) (/usr/local/texlive/2023/texmf-dist/tex/latex/marvosym/marvosym.sty
Package: marvosym 2011/07/20 v2.2 Martin Vogel's Symbols font definitions
) (/usr/local/texlive/2023/texmf-dist/tex/latex/preprint/fullpage.sty
Package: fullpage 1999/02/23 1.1 (PWD)
\FP@margin=\skip65
) (/usr/local/texlive/2023/texmf-dist/tex/latex/hyperref/hyperref.sty
Package: hyperref 2023-02-07 v7.00v Hypertext links for LaTeX
 (/usr/local/texlive/2023/texmf-dist/tex/generic/ltxcmds/ltxcmds.sty
Package: ltxcmds 2020-05-10 v1.25 LaTeX kernel commands for general use (HO)
) (/usr/local/texlive/2023/texmf-dist/tex/generic/iftex/iftex.sty
Package: iftex 2022/02/03 v1.0f TeX engine tests
) (/usr/local/texlive/2023/texmf-dist/tex/generic/pdftexcmds/pdftexcmds.sty
Package: pdftexcmds 2020-06-27 v0.33 Utility functions of pdfTeX for LuaTeX (HO)
 (/usr/local/texlive/2023/texmf-dist/tex/generic/infwarerr/infwarerr.sty
Package: infwarerr 2019/12/03 v1.5 Providing info/warning/error messages (HO)
)
Package pdftexcmds Info: \pdf@primitive is available.
Package pdftexcmds Info: \pdf@ifprimitive is available.
Package pdftexcmds Info: \pdfdraftmode found.
) (/usr/local/texlive/2023/texmf-dist/tex/latex/graphics/keyval.sty
Package: keyval 2022/05/29 v1.15 key=value parser (DPC)
\KV@toks@=\toks24
) (/usr/local/texlive/2023/texmf-dist/tex/latex/kvsetkeys/kvsetkeys.sty
Package: kvsetkeys 2022-10-05 v1.19 Key value parser (HO)
) (/usr/local/texlive/2023/texmf-dist/tex/generic/kvdefinekeys/kvdefinekeys.sty
Package: kvdefinekeys 2019-12-19 v1.6 Define keys (HO)
) (/usr/local/texlive/2023/texmf-dist/tex/generic/pdfescape/pdfescape.sty
Package: pdfescape 2019/12/09 v1.15 Implements pdfTeX's escape features (HO)
) (/usr/local/texlive/2023/texmf-dist/tex/latex/hycolor/hycolor.sty
Package: hycolor 2020-01-27 v1.10 Color options for hyperref/bookmark (HO)
) (/usr/local/texlive/2023/texmf-dist/tex/latex/letltxmacro/letltxmacro.sty
Package: letltxmacro 2019/12/03 v1.6 Let assignment for LaTeX macros (HO)
) (/usr/local/texlive/2023/texmf-dist/tex/latex/auxhook/auxhook.sty
Package: auxhook 2019-12-17 v1.6 Hooks for auxiliary files (HO)
) (/usr/local/texlive/2023/texmf-dist/tex/latex/hyperref/nameref.sty
Package: nameref 2022-05-17 v2.50 Cross-referencing by name of section
 (/usr/local/texlive/2023/texmf-dist/tex/latex/refcount/refcount.sty
Package: refcount 2019/12/15 v3.6 Data extraction from label references (HO)
) (/usr/local/texlive/2023/texmf-dist/tex/generic/gettitlestring/gettitlestring.sty
Package: gettitlestring 2019/12/15 v1.6 Cleanup title references (HO)
 (/usr/local/texlive/2023/texmf-dist/tex/latex/kvoptions/kvoptions.sty
Package: kvoptions 2022-06-15 v3.15 Key value format for package options (HO)
))
\c@section@level=\count197
)
\@linkdim=\dimen154
\Hy@linkcounter=\count198
\Hy@pagecounter=\count199
 (/usr/local/texlive/2023/texmf-dist/tex/latex/hyperref/pd1enc.def
File: pd1enc.def 2023-02-07 v7.00v Hyperref: PDFDocEncoding definition (HO)
Now handling font encoding PD1 ...
... no UTF-8 mapping file for font encoding PD1
) (/usr/local/texlive/2023/texmf-dist/tex/generic/intcalc/intcalc.sty
Package: intcalc 2019/12/15 v1.3 Expandable calculations with integers (HO)
) (/usr/local/texlive/2023/texmf-dist/tex/generic/etexcmds/etexcmds.sty
Package: etexcmds 2019/12/15 v1.7 Avoid name clashes with e-TeX commands (HO)
)
\Hy@SavedSpaceFactor=\count266
 (/usr/local/texlive/2023/texmf-dist/tex/latex/hyperref/puenc.def
File: puenc.def 2023-02-07 v7.00v Hyperref: PDF Unicode definition (HO)
Now handling font encoding PU ...
... no UTF-8 mapping file for font encoding PU
)
Package hyperref Info: Option `colorlinks' set `true' on input line 4060.
Package hyperref Info: Hyper figures OFF on input line 4177.
Package hyperref Info: Link nesting OFF on input line 4182.
Package hyperref Info: Hyper index ON on input line 4185.
Package hyperref Info: Plain pages OFF on input line 4192.
Package hyperref Info: Backreferencing OFF on input line 4197.
Package hyperref Info: Implicit mode ON; LaTeX internals redefined.
Package hyperref Info: Bookmarks ON on input line 4425.
\c@Hy@tempcnt=\count267
 (/usr/local/texlive/2023/texmf-dist/tex/latex/url/url.sty
\Urlmuskip=\muskip16
Package: url 2013/09/16  ver 3.4  Verb mode for urls, etc.
)
LaTeX Info: Redefining \url on input line 4763.
\XeTeXLinkMargin=\dimen155
 (/usr/local/texlive/2023/texmf-dist/tex/generic/bitset/bitset.sty
Package: bitset 2019/12/09 v1.3 Handle bit-vector datatype (HO)
 (/usr/local/texlive/2023/texmf-dist/tex/generic/bigintcalc/bigintcalc.sty
Package: bigintcalc 2019/12/15 v1.5 Expandable calculations on big integers (HO)
))
\Fld@menulength=\count268
\Field@Width=\dimen156
\Fld@charsize=\dimen157
Package hyperref Info: Hyper figures OFF on input line 6042.
Package hyperref Info: Link nesting OFF on input line 6047.
Package hyperref Info: Hyper index ON on input line 6050.
Package hyperref Info: backreferencing OFF on input line 6057.
Package hyperref Info: Link coloring ON on input line 6060.
Package hyperref Info: Link coloring with OCG OFF on input line 6067.
Package hyperref Info: PDF/A mode OFF on input line 6072.
 (/usr/local/texlive/2023/texmf-dist/tex/latex/base/atbegshi-ltx.sty
Package: atbegshi-ltx 2021/01/10 v1.0c Emulation of the original atbegshi
package with kernel methods
)
\Hy@abspage=\count269
\c@Item=\count270
\c@Hfootnote=\count271
)
Package hyperref Info: Driver (autodetected): hpdftex.
 (/usr/local/texlive/2023/texmf-dist/tex/latex/hyperref/hpdftex.def
File: hpdftex.def 2023-02-07 v7.00v Hyperref driver for pdfTeX
 (/usr/local/texlive/2023/texmf-dist/tex/latex/base/atveryend-ltx.sty
Package: atveryend-ltx 2020/08/19 v1.0a Emulation of the original atveryend package
with kernel methods
)
\Fld@listcount=\count272
\c@bookmark@seq@number=\count273
 (/usr/local/texlive/2023/texmf-dist/tex/latex/rerunfilecheck/rerunfilecheck.sty
Package: rerunfilecheck 2022-07-10 v1.10 Rerun checks for auxiliary files (HO)
 (/usr/local/texlive/2023/texmf-dist/tex/generic/uniquecounter/uniquecounter.sty
Package: uniquecounter 2019/12/15 v1.4 Provide unlimited unique counter (HO)
)
Package uniquecounter Info: New unique counter `rerunfilecheck' on input line 285.
)
\Hy@SectionHShift=\skip66
) (/usr/local/texlive/2023/texmf-dist/tex/generic/ulem/ulem.sty
\UL@box=\box55
\UL@hyphenbox=\box56
\UL@skip=\skip67
\UL@hook=\toks25
\UL@height=\dimen158
\UL@pe=\count274
\UL@pixel=\dimen159
\ULC@box=\box57
Package: ulem 2019/11/18
\ULdepth=\dimen160
) (/usr/local/texlive/2023/texmf-dist/tex/generic/babel/babel.sty
Package: babel 2023/02/13 3.86 The Babel package
\babel@savecnt=\count275
\U@D=\dimen161
\l@unhyphenated=\language87
 (/usr/local/texlive/2023/texmf-dist/tex/generic/babel/txtbabel.def)
\bbl@readstream=\read3
\bbl@dirlevel=\count276
 (/usr/local/texlive/2023/texmf-dist/tex/generic/babel-english/english.ldf
Language: english 2017/06/06 v3.3r English support from the babel system
Package babel Info: Hyphen rules for 'canadian' set to \l@english
(babel)             (\language0). Reported on input line 102.
Package babel Info: Hyphen rules for 'australian' set to \l@ukenglish
(babel)             (\language21). Reported on input line 105.
Package babel Info: Hyphen rules for 'newzealand' set to \l@ukenglish
(babel)             (\language21). Reported on input line 108.
)) (/usr/local/texlive/2023/texmf-dist/tex/generic/babel/locale/en/babel-english.tex
Package babel Info: Importing font and identification data for english
(babel)             from babel-en.ini. Reported on input line 11.
) (/usr/local/texlive/2023/texmf-dist/tex/generic/pdftex/glyphtounicode.tex) (/usr/local/texlive/2023/texmf-dist/tex/latex/base/fontenc.sty
Package: fontenc 2021/04/29 v2.0v Standard LaTeX package
) (/usr/local/texlive/2023/texmf-dist/tex/latex/l3backend/l3backend-pdftex.def
File: l3backend-pdftex.def 2023-01-16 L3 backend support: PDF output (pdfTeX)
\l__color_backend_stack_int=\count277
\l__pdf_internal_box=\box58
)
No file "Anh Tran - Resume".aux.
\openout1 = `"Anh Tran - Resume.aux"'.

LaTeX Font Info:    Checking defaults for OML/cmm/m/it on input line 154.
LaTeX Font Info:    ... okay on input line 154.
LaTeX Font Info:    Checking defaults for OMS/cmsy/m/n on input line 154.
LaTeX Font Info:    ... okay on input line 154.
LaTeX Font Info:    Checking defaults for OT1/cmr/m/n on input line 154.
LaTeX Font Info:    ... okay on input line 154.
LaTeX Font Info:    Checking defaults for T1/cmr/m/n on input line 154.
LaTeX Font Info:    ... okay on input line 154.
LaTeX Font Info:    Checking defaults for TS1/cmr/m/n on input line 154.
LaTeX Font Info:    ... okay on input line 154.
LaTeX Font Info:    Checking defaults for OMX/cmex/m/n on input line 154.
LaTeX Font Info:    ... okay on input line 154.
LaTeX Font Info:    Checking defaults for U/cmr/m/n on input line 154.
LaTeX Font Info:    ... okay on input line 154.
LaTeX Font Info:    Checking defaults for PD1/pdf/m/n on input line 154.
LaTeX Font Info:    ... okay on input line 154.
LaTeX Font Info:    Checking defaults for PU/pdf/m/n on input line 154.
LaTeX Font Info:    ... okay on input line 154.
(/usr/local/texlive/2023/texmf-dist/tex/context/base/mkii/supp-pdf.mkii
[Loading MPS to PDF converter (version 2006.09.02).]
\scratchcounter=\count278
\scratchdimen=\dimen162
\scratchbox=\box59
\nofMPsegments=\count279
\nofMParguments=\count280
\everyMPshowfont=\toks26
\MPscratchCnt=\count281
\MPscratchDim=\dimen163
\MPnumerator=\count282
\makeMPintoPDFobject=\count283
\everyMPtoPDFconversion=\toks27
)
Package hyperref Info: Link coloring ON on input line 154.
\@outlinefile=\write3
\openout3 = `"Anh Tran - Resume.out"'.

LaTeX Font Info:    External font `cmex10' loaded for size
(Font)              <10.95> on input line 159.
LaTeX Font Info:    External font `cmex10' loaded for size
(Font)              <8> on input line 159.
LaTeX Font Info:    External font `cmex10' loaded for size
(Font)              <6> on input line 159.
LaTeX Font Info:    Trying to load font information for U+lasy on input line 159.
 (/usr/local/texlive/2023/texmf-dist/tex/latex/base/ulasy.fd
File: ulasy.fd 1998/08/17 v2.2e LaTeX symbol font definitions
)
LaTeX Font Info:    External font `cmex10' loaded for size
(Font)              <7> on input line 190.
LaTeX Font Info:    External font `cmex10' loaded for size
(Font)              <5> on input line 190.

Overfull \hbox (51.3187pt too wide) in alignment at lines 190--190
[][][] 
 []


Overfull \hbox (51.3187pt too wide) in alignment at lines 191--191
[][][] 
 []


Overfull \hbox (51.3187pt too wide) in alignment at lines 192--192
[][][] 
 []


Overfull \hbox (51.3187pt too wide) in alignment at lines 193--193
[][][] 
 []

/Users/anh.tt/Workspace/latex-resume/Anh Tran - Resume.tex:209: Misplaced alignment tab character &.
l.209 ...A complete cloud solution for IT Device &
                                                   SaaS Management. Josys is...
I can't figure out why you would want to use a tab mark
here. If you just want an ampersand, the remedy is
simple: Just type `I\&' now. But if some right brace
up above has ended a previous alignment prematurely,
you're probably due for more error messages, and you
might try typing `S' now just to see what is salvageable.


Overfull \hbox (0.67412pt too wide) in paragraph at lines 208--210
[] 
 []


Overfull \hbox (0.67412pt too wide) in paragraph at lines 218--220
[] 
 []


Overfull \hbox (0.67412pt too wide) in paragraph at lines 229--231
[] 
 []


Overfull \hbox (0.67412pt too wide) in paragraph at lines 233--235
[] 
 []


Overfull \hbox (0.67412pt too wide) in paragraph at lines 237--239
[] 
 []


Package fancyhdr Warning: \footskip is too small (0.0pt): 
(fancyhdr)                Make it at least 4.08003pt, for example:
(fancyhdr)                \setlength{\footskip}{4.08003pt}.

[1

{/usr/local/texlive/2023/texmf-var/fonts/map/pdftex/updmap/pdftex.map}{/usr/local/texlive/2023/texmf-dist/fonts/enc/dvips/cm-super/cm-super-ts1.enc}]
Overfull \hbox (0.67412pt too wide) in paragraph at lines 241--243
[] 
 []


Overfull \hbox (0.67412pt too wide) in paragraph at lines 245--247
[] 
 []


Overfull \hbox (0.67412pt too wide) in paragraph at lines 255--257
[] 
 []


Package fancyhdr Warning: \footskip is too small (0.0pt): 
(fancyhdr)                Make it at least 4.08003pt, for example:
(fancyhdr)                \setlength{\footskip}{4.08003pt}.

[2] (./Anh Tran - Resume.aux)

Package rerunfilecheck Warning: File `"Anh Tran - Resume".out' has changed.
(rerunfilecheck)                Rerun to get outlines right
(rerunfilecheck)                or use package `bookmark'.

Package rerunfilecheck Info: Checksums for `"Anh Tran - Resume".out':
(rerunfilecheck)             Before: <no file>
(rerunfilecheck)             After:  EE15701FFF4079420AAFE2A9F49B81C3;468.
 ) 
Here is how much of TeX's memory you used:
 11446 strings out of 476025
 180531 string characters out of 5790018
 1879388 words of memory out of 5000000
 31751 multiletter control sequences out of 15000+600000
 518169 words of font info for 55 fonts, out of 8000000 for 9000
 1141 hyphenation exceptions out of 8191
 75i,11n,76p,538b,731s stack positions out of 10000i,1000n,20000p,200000b,200000s
</usr/local/texlive/2023/texmf-dist/fonts/type1/public/amsfonts/cm/cmbx10.pfb></usr/local/texlive/2023/texmf-dist/fonts/type1/public/amsfonts/cm/cmbx12.pfb></usr/local/texlive/2023/texmf-dist/fonts/type1/public/amsfonts/cm/cmcsc10.pfb></usr/local/texlive/2023/texmf-dist/fonts/type1/public/amsfonts/cm/cmr10.pfb></usr/local/texlive/2023/texmf-dist/fonts/type1/public/amsfonts/cm/cmsy10.pfb></usr/local/texlive/2023/texmf-dist/fonts/type1/public/amsfonts/cm/cmsy6.pfb></usr/local/texlive/2023/texmf-dist/fonts/type1/public/amsfonts/cm/cmti10.pfb></usr/local/texlive/2023/texmf-dist/fonts/type1/public/cm-super/sfrm1000.pfb>
Output written on "Anh Tran - Resume.pdf" (2 pages, 116108 bytes).
PDF statistics:
 79 PDF objects out of 1000 (max. 8388607)
 58 compressed objects within 1 object stream
 8 named destinations out of 1000 (max. 500000)
 1 words of extra memory for PDF output out of 10000 (max. 10000000)

